<?xml version="1.0" encoding="UTF-8"?>
<!-- Generated by org.testng.reporters.JUnitReportReporter -->
<testsuite hostname="Umesh" name="testNGPackage.Test2" tests="1" failures="0" timestamp="31 Mar 2018 10:00:47 GMT" time="0.000" errors="0">
  <testcase name="testMethod" time="0.000" classname="testNGPackage.Test2"/>
</testsuite> <!-- testNGPackage.Test2 -->
