<?xml version="1.0" encoding="UTF-8"?>
<!-- Generated by org.testng.reporters.JUnitReportReporter -->
<testsuite hostname="Umesh" name="com.Orange.Scripts.VerifyLogin" tests="1" failures="0" timestamp="31 Mar 2018 08:55:25 GMT" time="2.965" errors="0">
  <testcase name="verifyLogin" time="2.965" classname="com.Orange.Scripts.VerifyLogin"/>
</testsuite> <!-- com.Orange.Scripts.VerifyLogin -->
