<?xml version="1.0" encoding="UTF-8"?>
<!-- Generated by org.testng.reporters.JUnitReportReporter -->
<testsuite hostname="Lenovo-PC" name="com.Orange.Scripts.VerifyLogin" tests="1" failures="0" timestamp="7 Apr 2018 16:10:30 GMT" time="0.076" errors="0">
  <testcase name="verifyLogin" time="0.076" classname="com.Orange.Scripts.VerifyLogin"/>
</testsuite> <!-- com.Orange.Scripts.VerifyLogin -->
